Removed Pin From Net: NetName=NetAtmega328p_12 Pin=R2-1
Removed Pin From Net: NetName=NetAtmega328p_13 Pin=R3-1
Removed Pin From Net: NetName=NetAtmega328p_14 Pin=R4-1
Removed Pin From Net: NetName=NetAtmega328p_15 Pin=Servo motor-3
Added Pin To Net: NetName=NetAtmega328p_15 Pin=Ultrasonic 2-2
Added Pin To Net: NetName=NetAtmega328p_14 Pin=Ultrasonic 2-3
Added Pin To Net: NetName=NetAtmega328p_13 Pin=Ultrasonic_1-2
Added Pin To Net: NetName=NetAtmega328p_12 Pin=Ultrasonic_1-3
Added Pin To Net: NetName=NetAtmega328p_16 Pin=Atmega328p-16
Added Pin To Net: NetName=NetAtmega328p_16 Pin=R2-1
Added Net: Name=NetAtmega328p_16
Added Pin To Net: NetName=NetAtmega328p_17 Pin=Atmega328p-17
Added Pin To Net: NetName=NetAtmega328p_17 Pin=R3-1
Added Net: Name=NetAtmega328p_17
Added Pin To Net: NetName=NetAtmega328p_18 Pin=Atmega328p-18
Added Pin To Net: NetName=NetAtmega328p_18 Pin=R4-1
Added Net: Name=NetAtmega328p_18
Added Pin To Net: NetName=NetAtmega328p_19 Pin=Atmega328p-19
Added Pin To Net: NetName=NetAtmega328p_19 Pin=Servo motor-3
Added Net: Name=NetAtmega328p_19
